<?xml version="1.0" encoding="UTF-8"?>
<testng-results ignored="0" total="1" passed="1" failed="0" skipped="0">
  <reporter-output>
  </reporter-output>
  <suite started-at="2024-08-28T17:23:14 CEST" name="Default suite" finished-at="2024-08-28T17:23:37 CEST" duration-ms="22996">
    <groups>
    </groups>
    <test started-at="2024-08-28T17:23:14 CEST" name="Default test" finished-at="2024-08-28T17:23:37 CEST" duration-ms="22996">
      <class name="JudgeRegisterToEvent">
        <test-method is-config="true" signature="setUp()[pri:0, instance:JudgeRegisterToEvent@534a5a98]" started-at="2024-08-28T17:23:14 CEST" name="setUp" finished-at="2024-08-28T17:23:14 CEST" duration-ms="79" status="PASS">
          <reporter-output>
          </reporter-output>
        </test-method> <!-- setUp -->
        <test-method signature="testJudgeRegisterToEvent()[pri:0, instance:JudgeRegisterToEvent@534a5a98]" started-at="2024-08-28T17:23:14 CEST" name="testJudgeRegisterToEvent" finished-at="2024-08-28T17:23:37 CEST" duration-ms="22853" status="PASS">
          <reporter-output>
          </reporter-output>
        </test-method> <!-- testJudgeRegisterToEvent -->
        <test-method is-config="true" signature="tearDown()[pri:0, instance:JudgeRegisterToEvent@534a5a98]" started-at="2024-08-28T17:23:37 CEST" name="tearDown" finished-at="2024-08-28T17:23:37 CEST" duration-ms="1" status="PASS">
          <reporter-output>
          </reporter-output>
        </test-method> <!-- tearDown -->
      </class> <!-- JudgeRegisterToEvent -->
    </test> <!-- Default test -->
  </suite> <!-- Default suite -->
</testng-results>
